<?xml version="1.0" encoding="UTF-8"?>
<!-- Generated by org.testng.reporters.JUnitReportReporter -->
<testsuite skipped="0" hostname="user-PC" name="Xmledi.Editor" tests="1" failures="0" timestamp="2022-05-06T15:00:37 IST" time="24.553" errors="0">
  <testcase name="a" time="24.553" classname="Xmledi.Editor"/>
  <system-out/>
</testsuite> <!-- Xmledi.Editor -->
