<?xml version="1.0" encoding="UTF-8"?>
<!-- Generated by org.testng.reporters.JUnitReportReporter -->
<testsuite skipped="0" hostname="user-PC" name="newtest.Newtest" tests="1" failures="0" timestamp="2022-04-28T11:21:55 IST" time="21.011" errors="0">
  <testcase name="a" time="21.011" classname="newtest.Newtest"/>
  <system-out/>
</testsuite> <!-- newtest.Newtest -->
