<?xml version="1.0" encoding="UTF-8"?>
<!-- Generated by org.testng.reporters.JUnitReportReporter -->
<testsuite skipped="0" hostname="user-PC" name="newtest.TestNGnew" tests="1" failures="0" timestamp="2022-04-26T15:04:03 IST" time="94.550" errors="0">
  <testcase name="f" time="94.550" classname="newtest.TestNGnew"/>
  <system-out>
    <![CDATA[valid url]]>
  </system-out>
</testsuite> <!-- newtest.TestNGnew -->
