<?xml version="1.0" encoding="UTF-8"?>
<!-- Generated by org.testng.reporters.JUnitReportReporter -->
<testsuite skipped="0" hostname="user-PC" name="newtest.SelectTry" tests="1" failures="0" timestamp="2022-04-28T12:32:49 IST" time="195.314" errors="0">
  <testcase name="select" time="195.314" classname="newtest.SelectTry"/>
  <system-out/>
</testsuite> <!-- newtest.SelectTry -->
