<?xml version="1.0" encoding="UTF-8"?>
<!-- Generated by org.testng.reporters.JUnitReportReporter -->
<testsuite skipped="0" hostname="user-PC" name="selenium.FAcebook" tests="1" failures="0" timestamp="2021-12-08T14:37:13 IST" time="0.015" errors="0">
  <testcase name="f" time="0.015" classname="selenium.FAcebook"/>
  <system-out/>
</testsuite> <!-- selenium.FAcebook -->
