<?xml version="1.0" encoding="UTF-8"?>
<!-- Generated by org.testng.reporters.JUnitReportReporter -->
<testsuite skipped="0" hostname="user-PC" name="practiceNew.Practicetestng" tests="1" failures="0" timestamp="2022-05-06T16:10:31 IST" time="43.910" errors="0">
  <testcase name="b" time="43.910" classname="practiceNew.Practicetestng"/>
  <system-out/>
</testsuite> <!-- practiceNew.Practicetestng -->
