<?xml version="1.0" encoding="UTF-8"?>
<!-- Generated by org.testng.reporters.JUnitReportReporter -->
<testsuite skipped="0" hostname="user-PC" name="multipleScreenshot.MIcrolearning" tests="1" failures="0" timestamp="2022-05-05T12:51:51 IST" time="34.672" errors="0">
  <testcase name="show" time="34.672" classname="multipleScreenshot.MIcrolearning"/>
  <system-out/>
</testsuite> <!-- multipleScreenshot.MIcrolearning -->
